<?xml version="1.0" encoding="UTF-8"?>
<testsuite name="com.example.GreeterTest" tests="2" failures="1">
  <testcase name="deliberatelyFails" classname="com.example.GreeterTest" time="0.027">
    <failure message="expected: &lt;Hello, World!&gt; but was: &lt;Hello, Nobody!&gt;" type="org.opentest4j.AssertionFailedError"><![CDATA[org.opentest4j.AssertionFailedError: expected: <Hello, World!> but was: <Hello, Nobody!>
	at org.junit.jupiter.api.Assertions.assertEquals(Assertions.java:1145)
	at com.example.GreeterTest.deliberatelyFails(GreeterTest.java:16)
]]></failure>
  </testcase>
  <testcase name="greetsByName" classname="com.example.GreeterTest" time="0.002"/>
</testsuite>
